{
  "RSpec": {
    "coverage": {
      "/Users/vanessa/projects/chitter-challenge/app/server.rb": [
        1,
        1,
        1,
        null,
        1,
        null,
        1,
        null,
        1,
        1,
        1,
        null,
        59,
        1,
        null,
        null,
        1,
        null,
        1,
        1,
        null,
        1,
        1,
        null,
        null,
        1,
        16,
        16,
        16,
        null,
        null,
        null,
        1,
        2,
        2,
        2,
        2,
        2,
        2,
        1,
        1,
        null,
        1,
        1,
        null,
        null,
        null,
        null,
        1,
        5,
        5,
        null,
        null,
        1,
        5,
        null,
        null,
        5,
        3,
        3,
        null,
        2,
        2,
        null,
        null,
        null,
        null,
        1,
        5,
        null,
        null,
        1,
        5,
        5,
        5,
        4,
        4,
        null,
        1,
        1,
        null,
        null,
        null,
        1,
        1,
        1,
        1,
        null,
        null,
        null,
        null,
        1,
        1,
        41,
        null,
        null,
        null,
        null,
        1,
        null
      ],
      "/Users/vanessa/projects/chitter-challenge/app/lib/cheet.rb": [
        1,
        null,
        1,
        null,
        1,
        1,
        1,
        null,
        1,
        null,
        null
      ],
      "/Users/vanessa/projects/chitter-challenge/app/lib/user.rb": [
        1,
        null,
        1,
        null,
        1,
        null,
        1,
        1,
        1,
        1,
        1,
        null,
        1,
        null,
        1,
        null,
        1,
        1,
        null,
        1,
        10,
        10,
        null,
        null,
        1,
        7,
        7,
        4,
        null,
        null,
        null,
        null,
        null,
        null,
        null
      ]
    },
    "timestamp": 1430314705
  }
}
